<?xml version="1.0" encoding="UTF-8"?>
<testng-results skipped="0" failed="0" ignored="0" total="1" passed="1">
  <reporter-output>
  </reporter-output>
  <suite name="Default suite" duration-ms="19729" started-at="2018-09-18T11:01:33Z" finished-at="2018-09-18T11:01:53Z">
    <groups>
    </groups>
    <test name="Default test" duration-ms="19729" started-at="2018-09-18T11:01:33Z" finished-at="2018-09-18T11:01:53Z">
      <class name="mavenselenium.KeyStroke">
        <test-method status="PASS" signature="openbrowser()[pri:0, instance:mavenselenium.KeyStroke@26be92ad]" name="openbrowser" is-config="true" duration-ms="14591" started-at="2018-09-18T11:01:33Z" finished-at="2018-09-18T11:01:48Z">
          <reporter-output>
          </reporter-output>
        </test-method> <!-- openbrowser -->
        <test-method status="PASS" signature="typekeys()[pri:0, instance:mavenselenium.KeyStroke@26be92ad]" name="typekeys" duration-ms="5103" started-at="2018-09-18T11:01:48Z" finished-at="2018-09-18T11:01:53Z">
          <reporter-output>
          </reporter-output>
        </test-method> <!-- typekeys -->
      </class> <!-- mavenselenium.KeyStroke -->
    </test> <!-- Default test -->
  </suite> <!-- Default suite -->
</testng-results>
