<?xml version="1.0" encoding="UTF-8"?>
<!-- Generated by org.testng.reporters.JUnitXMLReporter -->
<testsuite hostname="BDC4-D-5S04RG2" ignored="0" name="FirstTest" tests="5" failures="0" timestamp="17 Sep 2018 09:24:15 GMT" time="15.327" errors="0">
  <testcase name="first" time="0.005" classname="mavenselenium.Annotations"/>
  <testcase name="second" time="0.004" classname="mavenselenium.Annotations"/>
  <testcase name="testcase" time="0.002" classname="mavenselenium.DataDriven"/>
  <testcase name="testcase" time="0.001" classname="mavenselenium.DataDriven"/>
  <testcase name="testcase" time="15.269" classname="mavenselenium.BasicAnnotations"/>
</testsuite> <!-- FirstTest -->
